<?xml version="1.0" encoding="UTF-8"?>
<testsuite xmlns:xsi="http://www.w3.org/2001/XMLSchema-instance" xsi:noNamespaceSchemaLocation="https://maven.apache.org/surefire/maven-surefire-plugin/xsd/surefire-test-report-3.0.xsd" version="3.0" name="com.feke.kamisado.PieceTest" time="0.025" tests="4" errors="0" skipped="0" failures="0">
  <properties>
[...]
</properties>
  <testcase name="testCopyConstructor" classname="com.feke.kamisado.PieceTest" time="0.01"/>
  <testcase name="testConstructorAndGetters" classname="com.feke.kamisado.PieceTest" time="0.002"/>
  <testcase name="testMovementLength" classname="com.feke.kamisado.PieceTest" time="0.001"/>
  <testcase name="testIncreaseDragonTeeth" classname="com.feke.kamisado.PieceTest" time="0.003"/>
</testsuite>